<?xml version="1.0" encoding="UTF-8"?>
<!-- Generated by org.testng.reporters.JUnitReportReporter -->
<testsuite ignored="0" hostname="ALEXANDRO" failures="0" tests="1" name="selenium.AmazonTest" time="21.801" errors="0" timestamp="04 feb 2025 02:27:58 GMT" skipped="0">
  <testcase classname="selenium.AmazonTest" name="f" time="21.801"/>
</testsuite> <!-- selenium.AmazonTest -->
