<?xml version="1.0" encoding="UTF-8"?>
<!-- Generated by org.testng.reporters.JUnitReportReporter -->
<testsuite ignored="0" hostname="ALEXANDRO" failures="0" tests="1" name="POMLoginTest.TC_01_Login" time="0.979" errors="0" timestamp="15 feb 2025 17:06:38 GMT" skipped="0">
  <testcase classname="POMLoginTest.TC_01_Login" name="LoginTest_01" time="0.979"/>
</testsuite> <!-- POMLoginTest.TC_01_Login -->
