<?xml version="1.0" encoding="UTF-8"?>
<!-- Generated by org.testng.reporters.JUnitReportReporter -->
<testsuite ignored="0" hostname="ALEXANDRO" failures="0" tests="1" name="selenium.NewTest" time="4.666" errors="0" timestamp="18 ene 2025 16:34:03 GMT" skipped="0">
  <testcase classname="selenium.NewTest" name="f" time="4.666"/>
</testsuite> <!-- selenium.NewTest -->
