<?xml version="1.0" encoding="UTF-8"?>
<!-- Generated by org.testng.reporters.JUnitReportReporter -->
<testsuite ignored="0" hostname="ALEXANDRO" failures="0" tests="1" name="POMLoginTest.TC_02_LoginError" time="0.550" errors="0" timestamp="15 feb 2025 17:06:38 GMT" skipped="0">
  <testcase classname="POMLoginTest.TC_02_LoginError" name="LoginTest_02" time="0.550"/>
</testsuite> <!-- POMLoginTest.TC_02_LoginError -->
