<?xml version="1.0" encoding="UTF-8"?>
<!-- Generated by org.testng.reporters.JUnitReportReporter -->
<testsuite ignored="0" hostname="ALEXANDRO" failures="0" tests="1" name="POMInventoryTest.TC_03_VerifyRemoveButton" time="0.822" errors="0" timestamp="15 feb 2025 17:06:38 GMT" skipped="0">
  <testcase classname="POMInventoryTest.TC_03_VerifyRemoveButton" name="LoginTest_03" time="0.822"/>
</testsuite> <!-- POMInventoryTest.TC_03_VerifyRemoveButton -->
