<?xml version="1.0" encoding="UTF-8"?>
<!-- Generated by org.testng.reporters.JUnitReportReporter -->
<testsuite ignored="0" hostname="ALEXANDRO" failures="0" tests="1" name="selenium.Test2Google" time="4.819" errors="0" timestamp="31 ene 2025 00:27:29 GMT" skipped="0">
  <testcase classname="selenium.Test2Google" name="f" time="4.819"/>
</testsuite> <!-- selenium.Test2Google -->
